<?xml version="1.0" encoding="utf-8"?><testsuites name="pytest tests"><testsuite name="pytest" errors="0" failures="0" skipped="0" tests="7" time="1.925" timestamp="2026-08-25T06:14:27.570187+00:00" hostname="agent-env-c59618b0-92f7-4c05-9921-f2de7c3b8eeb"><testcase classname="tests.test_password_reset.TestForgotPasswordGeneric" name="test_unknown_email_returns_generic_no_link" time="0.110" /><testcase classname="tests.test_password_reset.TestResetValidation" name="test_bogus_token_rejected" time="0.184" /><testcase classname="tests.test_password_reset.TestForgotPasswordGeneric" name="test_invalid_email_format_handled" time="0.041" /><testcase classname="tests.test_password_reset.TestForgotPasswordGeneric" name="test_registered_normal_user_gets_no_reset_url" time="0.383" /><testcase classname="tests.test_password_reset.TestResetValidation" name="test_short_password_rejected" time="0.232" /><testcase classname="tests.test_password_reset.TestResetValidation" name="test_empty_token_rejected" time="0.039" /><testcase classname="tests.test_password_reset.TestOwnerResetE2E" name="test_owner_reset_end_to_end" time="0.884" /></testsuite></testsuites>