<?xml version="1.0" encoding="utf-8"?><testsuites name="pytest tests"><testsuite name="pytest" errors="0" failures="0" skipped="0" tests="17" time="3.027" timestamp="2026-08-21T05:36:48.728934+00:00" hostname="agent-env-c59618b0-92f7-4c05-9921-f2de7c3b8eeb"><testcase classname="tests.backend_test.TestAdminCoupons" name="test_non_admin_forbidden" time="0.769" /><testcase classname="tests.backend_test.TestCouponValidate" name="test_launch_9_pct" time="0.778" /><testcase classname="tests.backend_test.TestCouponValidate" name="test_invalid_code" time="0.067" /><testcase classname="tests.backend_test.TestCouponValidate" name="test_requires_auth" time="0.281" /><testcase classname="tests.backend_test.TestCouponValidate" name="test_bad_amount_rejected" time="0.062" /><testcase classname="tests.backend_test.TestRoles" name="test_non_owner_forbidden" time="0.151" /><testcase classname="tests.backend_test.TestAdminCoupons" name="test_create_validate_delete" time="1.063" /><testcase classname="tests.backend_test.TestRoles" name="test_owner_cannot_demote_self" time="0.545" /><testcase classname="tests.backend_test.TestAdminCoupons" name="test_expired_coupon_rejected" time="0.176" /><testcase classname="tests.backend_test.TestRoles" name="test_unknown_email_404" time="0.060" /><testcase classname="tests.backend_test.TestRoles" name="test_promote_and_demote" time="0.351" /><testcase classname="tests.backend_test.TestAdminCoupons" name="test_reserved_prefix_and_bad_pct" time="0.220" /><testcase classname="tests.backend_test.TestHealth" name="test_health" time="0.142" /><testcase classname="tests.backend_test.TestCreateOrderValidation" name="test_invalid_coupon_rejected_at_order" time="0.056" /><testcase classname="tests.backend_test.TestCreateOrderValidation" name="test_order_requires_auth" time="0.145" /><testcase classname="tests.backend_test.TestHealth" name="test_owner_summary_flags" time="0.069" /><testcase classname="tests.backend_test.TestHealth" name="test_normal_user_summary_flags" time="0.050" /></testsuite></testsuites>